This file contains any messages produced by compilers while
running configure, to aid debugging if configure makes a mistake.

It was created by FreeLing configure 4.0-beta1, which was
generated by GNU Autoconf 2.69.  Invocation command line was

  $ ./configure 

## --------- ##
## Platform. ##
## --------- ##

hostname = artyom-Lenovo-YOGA-710-11ISK
uname -m = x86_64
uname -r = 4.4.0-81-generic
uname -s = Linux
uname -v = #104-Ubuntu SMP Wed Jun 14 08:17:06 UTC 2017

/usr/bin/uname -p = unknown
/bin/uname -X     = unknown

/bin/arch              = unknown
/usr/bin/arch -k       = unknown
/usr/convex/getsysinfo = unknown
/usr/bin/hostinfo      = unknown
/bin/machine           = unknown
/usr/bin/oslevel       = unknown
/bin/universe          = unknown

PATH: /home/artyom/bin
PATH: /home/artyom/.local/bin
PATH: /usr/local/sbin
PATH: /usr/local/bin
PATH: /usr/sbin
PATH: /usr/bin
PATH: /sbin
PATH: /bin
PATH: /usr/games
PATH: /usr/local/games
PATH: /snap/bin
PATH: /home/artyom/.rvm/bin
PATH: /usr/local/node/bin
PATH: /home/artyom/.rvm/bin


## ----------- ##
## Core tests. ##
## ----------- ##

configure:2543: checking for a BSD-compatible install
configure:2611: result: /usr/bin/install -c
configure:2622: checking whether build environment is sane
configure:2677: result: yes
configure:2828: checking for a thread-safe mkdir -p
configure:2867: result: /bin/mkdir -p
configure:2874: checking for gawk
configure:2890: found /usr/bin/gawk
configure:2901: result: gawk
configure:2912: checking whether make sets $(MAKE)
configure:2934: result: yes
configure:2963: checking whether make supports nested variables
configure:2980: result: yes
configure:3113: checking build system type
configure:3127: result: x86_64-pc-linux-gnu
configure:3147: checking host system type
configure:3160: result: x86_64-pc-linux-gnu
configure:3466: checking for g++
configure:3482: found /usr/bin/g++
configure:3493: result: g++
configure:3520: checking for C++ compiler version
configure:3529: g++ --version >&5
g++ (Ubuntu 5.4.0-6ubuntu1~16.04.4) 5.4.0 20160609
Copyright (C) 2015 Free Software Foundation, Inc.
This is free software; see the source for copying conditions.  There is NO
warranty; not even for MERCHANTABILITY or FITNESS FOR A PARTICULAR PURPOSE.

configure:3540: $? = 0
configure:3529: g++ -v >&5
Using built-in specs.
COLLECT_GCC=g++
COLLECT_LTO_WRAPPER=/usr/lib/gcc/x86_64-linux-gnu/5/lto-wrapper
Target: x86_64-linux-gnu
Configured with: ../src/configure -v --with-pkgversion='Ubuntu 5.4.0-6ubuntu1~16.04.4' --with-bugurl=file:///usr/share/doc/gcc-5/README.Bugs --enable-languages=c,ada,c++,java,go,d,fortran,objc,obj-c++ --prefix=/usr --program-suffix=-5 --enable-shared --enable-linker-build-id --libexecdir=/usr/lib --without-included-gettext --enable-threads=posix --libdir=/usr/lib --enable-nls --with-sysroot=/ --enable-clocale=gnu --enable-libstdcxx-debug --enable-libstdcxx-time=yes --with-default-libstdcxx-abi=new --enable-gnu-unique-object --disable-vtable-verify --enable-libmpx --enable-plugin --with-system-zlib --disable-browser-plugin --enable-java-awt=gtk --enable-gtk-cairo --with-java-home=/usr/lib/jvm/java-1.5.0-gcj-5-amd64/jre --enable-java-home --with-jvm-root-dir=/usr/lib/jvm/java-1.5.0-gcj-5-amd64 --with-jvm-jar-dir=/usr/lib/jvm-exports/java-1.5.0-gcj-5-amd64 --with-arch-directory=amd64 --with-ecj-jar=/usr/share/java/eclipse-ecj.jar --enable-objc-gc --enable-multiarch --disable-werror --with-arch-32=i686 --with-abi=m64 --with-multilib-list=m32,m64,mx32 --enable-multilib --with-tune=generic --enable-checking=release --build=x86_64-linux-gnu --host=x86_64-linux-gnu --target=x86_64-linux-gnu
Thread model: posix
gcc version 5.4.0 20160609 (Ubuntu 5.4.0-6ubuntu1~16.04.4) 
configure:3540: $? = 0
configure:3529: g++ -V >&5
g++: error: unrecognized command line option '-V'
g++: fatal error: no input files
compilation terminated.
configure:3540: $? = 1
configure:3529: g++ -qversion >&5
g++: error: unrecognized command line option '-qversion'
g++: fatal error: no input files
compilation terminated.
configure:3540: $? = 1
configure:3560: checking whether the C++ compiler works
configure:3582: g++    -Wall -fPIC -std=gnu++0x -Wall -fPIC   conftest.cpp  >&5
configure:3586: $? = 0
configure:3634: result: yes
configure:3637: checking for C++ compiler default output file name
configure:3639: result: a.out
configure:3645: checking for suffix of executables
configure:3652: g++ -o conftest    -Wall -fPIC -std=gnu++0x -Wall -fPIC   conftest.cpp  >&5
configure:3656: $? = 0
configure:3678: result: 
configure:3700: checking whether we are cross compiling
configure:3708: g++ -o conftest    -Wall -fPIC -std=gnu++0x -Wall -fPIC   conftest.cpp  >&5
configure:3712: $? = 0
configure:3719: ./conftest
configure:3723: $? = 0
configure:3738: result: no
configure:3743: checking for suffix of object files
configure:3765: g++ -c    -Wall -fPIC -std=gnu++0x -Wall -fPIC  conftest.cpp >&5
configure:3769: $? = 0
configure:3790: result: o
configure:3794: checking whether we are using the GNU C++ compiler
configure:3813: g++ -c    -Wall -fPIC -std=gnu++0x -Wall -fPIC  conftest.cpp >&5
configure:3813: $? = 0
configure:3822: result: yes
configure:3831: checking whether g++ accepts -g
configure:3851: g++ -c -g  conftest.cpp >&5
configure:3851: $? = 0
configure:3892: result: yes
configure:3926: checking for style of include used by make
configure:3954: result: GNU
configure:3980: checking dependency style of g++
configure:4091: result: gcc3
configure:4159: checking how to print strings
configure:4186: result: printf
configure:4255: checking for gcc
configure:4271: found /usr/bin/gcc
configure:4282: result: gcc
configure:4511: checking for C compiler version
configure:4520: gcc --version >&5
gcc (Ubuntu 5.4.0-6ubuntu1~16.04.4) 5.4.0 20160609
Copyright (C) 2015 Free Software Foundation, Inc.
This is free software; see the source for copying conditions.  There is NO
warranty; not even for MERCHANTABILITY or FITNESS FOR A PARTICULAR PURPOSE.

configure:4531: $? = 0
configure:4520: gcc -v >&5
Using built-in specs.
COLLECT_GCC=gcc
COLLECT_LTO_WRAPPER=/usr/lib/gcc/x86_64-linux-gnu/5/lto-wrapper
Target: x86_64-linux-gnu
Configured with: ../src/configure -v --with-pkgversion='Ubuntu 5.4.0-6ubuntu1~16.04.4' --with-bugurl=file:///usr/share/doc/gcc-5/README.Bugs --enable-languages=c,ada,c++,java,go,d,fortran,objc,obj-c++ --prefix=/usr --program-suffix=-5 --enable-shared --enable-linker-build-id --libexecdir=/usr/lib --without-included-gettext --enable-threads=posix --libdir=/usr/lib --enable-nls --with-sysroot=/ --enable-clocale=gnu --enable-libstdcxx-debug --enable-libstdcxx-time=yes --with-default-libstdcxx-abi=new --enable-gnu-unique-object --disable-vtable-verify --enable-libmpx --enable-plugin --with-system-zlib --disable-browser-plugin --enable-java-awt=gtk --enable-gtk-cairo --with-java-home=/usr/lib/jvm/java-1.5.0-gcj-5-amd64/jre --enable-java-home --with-jvm-root-dir=/usr/lib/jvm/java-1.5.0-gcj-5-amd64 --with-jvm-jar-dir=/usr/lib/jvm-exports/java-1.5.0-gcj-5-amd64 --with-arch-directory=amd64 --with-ecj-jar=/usr/share/java/eclipse-ecj.jar --enable-objc-gc --enable-multiarch --disable-werror --with-arch-32=i686 --with-abi=m64 --with-multilib-list=m32,m64,mx32 --enable-multilib --with-tune=generic --enable-checking=release --build=x86_64-linux-gnu --host=x86_64-linux-gnu --target=x86_64-linux-gnu
Thread model: posix
gcc version 5.4.0 20160609 (Ubuntu 5.4.0-6ubuntu1~16.04.4) 
configure:4531: $? = 0
configure:4520: gcc -V >&5
gcc: error: unrecognized command line option '-V'
gcc: fatal error: no input files
compilation terminated.
configure:4531: $? = 1
configure:4520: gcc -qversion >&5
gcc: error: unrecognized command line option '-qversion'
gcc: fatal error: no input files
compilation terminated.
configure:4531: $? = 1
configure:4535: checking whether we are using the GNU C compiler
configure:4554: gcc -c   conftest.c >&5
configure:4554: $? = 0
configure:4563: result: yes
configure:4572: checking whether gcc accepts -g
configure:4592: gcc -c -g  conftest.c >&5
configure:4592: $? = 0
configure:4633: result: yes
configure:4650: checking for gcc option to accept ISO C89
configure:4713: gcc  -c -g -O2  conftest.c >&5
configure:4713: $? = 0
configure:4726: result: none needed
configure:4751: checking whether gcc understands -c and -o together
configure:4773: gcc -c conftest.c -o conftest2.o
configure:4776: $? = 0
configure:4773: gcc -c conftest.c -o conftest2.o
configure:4776: $? = 0
configure:4788: result: yes
configure:4807: checking dependency style of gcc
configure:4918: result: gcc3
configure:4933: checking for a sed that does not truncate output
configure:4997: result: /bin/sed
configure:5015: checking for grep that handles long lines and -e
configure:5073: result: /bin/grep
configure:5078: checking for egrep
configure:5140: result: /bin/grep -E
configure:5145: checking for fgrep
configure:5207: result: /bin/grep -F
configure:5242: checking for ld used by gcc
configure:5309: result: /usr/bin/ld
configure:5316: checking if the linker (/usr/bin/ld) is GNU ld
configure:5331: result: yes
configure:5343: checking for BSD- or MS-compatible name lister (nm)
configure:5397: result: /usr/bin/nm -B
configure:5527: checking the name lister (/usr/bin/nm -B) interface
configure:5534: gcc -c -g -O2  conftest.c >&5
configure:5537: /usr/bin/nm -B "conftest.o"
configure:5540: output
0000000000000000 B some_variable
configure:5547: result: BSD nm
configure:5550: checking whether ln -s works
configure:5554: result: yes
configure:5562: checking the maximum length of command line arguments
configure:5693: result: 1572864
configure:5741: checking how to convert x86_64-pc-linux-gnu file names to x86_64-pc-linux-gnu format
configure:5781: result: func_convert_file_noop
configure:5788: checking how to convert x86_64-pc-linux-gnu file names to toolchain format
configure:5808: result: func_convert_file_noop
configure:5815: checking for /usr/bin/ld option to reload object files
configure:5822: result: -r
configure:5896: checking for objdump
configure:5912: found /usr/bin/objdump
configure:5923: result: objdump
configure:5955: checking how to recognize dependent libraries
configure:6155: result: pass_all
configure:6240: checking for dlltool
configure:6270: result: no
configure:6300: checking how to associate runtime and link libraries
configure:6327: result: printf %s\n
configure:6388: checking for ar
configure:6404: found /usr/bin/ar
configure:6415: result: ar
configure:6452: checking for archiver @FILE support
configure:6469: gcc -c -g -O2  conftest.c >&5
configure:6469: $? = 0
configure:6472: ar cru libconftest.a @conftest.lst >&5
ar: `u' modifier ignored since `D' is the default (see `U')
configure:6475: $? = 0
configure:6480: ar cru libconftest.a @conftest.lst >&5
ar: `u' modifier ignored since `D' is the default (see `U')
ar: conftest.o: No such file or directory
configure:6483: $? = 1
configure:6495: result: @
configure:6553: checking for strip
configure:6569: found /usr/bin/strip
configure:6580: result: strip
configure:6652: checking for ranlib
configure:6668: found /usr/bin/ranlib
configure:6679: result: ranlib
configure:6781: checking command to parse /usr/bin/nm -B output from gcc object
configure:6934: gcc -c -g -O2  conftest.c >&5
configure:6937: $? = 0
configure:6941: /usr/bin/nm -B conftest.o \| sed -n -e 's/^.*[ ]\([ABCDGIRSTW][ABCDGIRSTW]*\)[ ][ ]*\([_A-Za-z][_A-Za-z0-9]*\)$/\1 \2 \2/p' | sed '/ __gnu_lto/d' \> conftest.nm
configure:6944: $? = 0
configure:7010: gcc -o conftest -g -O2   conftest.c conftstm.o >&5
configure:7013: $? = 0
configure:7051: result: ok
configure:7098: checking for sysroot
configure:7128: result: no
configure:7135: checking for a working dd
configure:7173: result: /bin/dd
configure:7177: checking how to truncate binary pipes
configure:7192: result: /bin/dd bs=4096 count=1
configure:7328: gcc -c -g -O2  conftest.c >&5
configure:7331: $? = 0
configure:7521: checking for mt
configure:7537: found /bin/mt
configure:7548: result: mt
configure:7571: checking if mt is a manifest tool
configure:7577: mt '-?'
configure:7585: result: no
configure:8262: checking how to run the C preprocessor
configure:8293: gcc -E  conftest.c
configure:8293: $? = 0
configure:8307: gcc -E  conftest.c
conftest.c:11:28: fatal error: ac_nonexistent.h: No such file or directory
compilation terminated.
configure:8307: $? = 1
configure: failed program was:
| /* confdefs.h */
| #define PACKAGE_NAME "FreeLing"
| #define PACKAGE_TARNAME "freeling"
| #define PACKAGE_VERSION "4.0-beta1"
| #define PACKAGE_STRING "FreeLing 4.0-beta1"
| #define PACKAGE_BUGREPORT ""
| #define PACKAGE_URL ""
| #define PACKAGE "freeling"
| #define VERSION "4.0-beta1"
| /* end confdefs.h.  */
| #include <ac_nonexistent.h>
configure:8332: result: gcc -E
configure:8352: gcc -E  conftest.c
configure:8352: $? = 0
configure:8366: gcc -E  conftest.c
conftest.c:11:28: fatal error: ac_nonexistent.h: No such file or directory
compilation terminated.
configure:8366: $? = 1
configure: failed program was:
| /* confdefs.h */
| #define PACKAGE_NAME "FreeLing"
| #define PACKAGE_TARNAME "freeling"
| #define PACKAGE_VERSION "4.0-beta1"
| #define PACKAGE_STRING "FreeLing 4.0-beta1"
| #define PACKAGE_BUGREPORT ""
| #define PACKAGE_URL ""
| #define PACKAGE "freeling"
| #define VERSION "4.0-beta1"
| /* end confdefs.h.  */
| #include <ac_nonexistent.h>
configure:8395: checking for ANSI C header files
configure:8415: gcc -c -g -O2  conftest.c >&5
configure:8415: $? = 0
configure:8488: gcc -o conftest -g -O2   conftest.c  >&5
configure:8488: $? = 0
configure:8488: ./conftest
configure:8488: $? = 0
configure:8499: result: yes
configure:8512: checking for sys/types.h
configure:8512: gcc -c -g -O2  conftest.c >&5
configure:8512: $? = 0
configure:8512: result: yes
configure:8512: checking for sys/stat.h
configure:8512: gcc -c -g -O2  conftest.c >&5
configure:8512: $? = 0
configure:8512: result: yes
configure:8512: checking for stdlib.h
configure:8512: gcc -c -g -O2  conftest.c >&5
configure:8512: $? = 0
configure:8512: result: yes
configure:8512: checking for string.h
configure:8512: gcc -c -g -O2  conftest.c >&5
configure:8512: $? = 0
configure:8512: result: yes
configure:8512: checking for memory.h
configure:8512: gcc -c -g -O2  conftest.c >&5
configure:8512: $? = 0
configure:8512: result: yes
configure:8512: checking for strings.h
configure:8512: gcc -c -g -O2  conftest.c >&5
configure:8512: $? = 0
configure:8512: result: yes
configure:8512: checking for inttypes.h
configure:8512: gcc -c -g -O2  conftest.c >&5
configure:8512: $? = 0
configure:8512: result: yes
configure:8512: checking for stdint.h
configure:8512: gcc -c -g -O2  conftest.c >&5
configure:8512: $? = 0
configure:8512: result: yes
configure:8512: checking for unistd.h
configure:8512: gcc -c -g -O2  conftest.c >&5
configure:8512: $? = 0
configure:8512: result: yes
configure:8526: checking for dlfcn.h
configure:8526: gcc -c -g -O2  conftest.c >&5
configure:8526: $? = 0
configure:8526: result: yes
configure:8793: checking for objdir
configure:8808: result: .libs
configure:9068: checking if gcc supports -fno-rtti -fno-exceptions
configure:9086: gcc -c -g -O2  -fno-rtti -fno-exceptions conftest.c >&5
cc1: warning: command line option '-fno-rtti' is valid for C++/ObjC++ but not for C
configure:9090: $? = 0
configure:9103: result: no
configure:9461: checking for gcc option to produce PIC
configure:9468: result: -fPIC -DPIC
configure:9476: checking if gcc PIC flag -fPIC -DPIC works
configure:9494: gcc -c -g -O2  -fPIC -DPIC -DPIC conftest.c >&5
configure:9498: $? = 0
configure:9511: result: yes
configure:9540: checking if gcc static flag -static works
configure:9568: result: yes
configure:9583: checking if gcc supports -c -o file.o
configure:9604: gcc -c -g -O2  -o out/conftest2.o conftest.c >&5
configure:9608: $? = 0
configure:9630: result: yes
configure:9638: checking if gcc supports -c -o file.o
configure:9685: result: yes
configure:9718: checking whether the gcc linker (/usr/bin/ld -m elf_x86_64) supports shared libraries
configure:10981: result: yes
configure:11018: checking whether -lc should be explicitly linked in
configure:11026: gcc -c -g -O2  conftest.c >&5
configure:11029: $? = 0
configure:11044: gcc -shared  -fPIC -DPIC conftest.o  -v -Wl,-soname -Wl,conftest -o conftest 2\>\&1 \| /bin/grep  -lc  \>/dev/null 2\>\&1
configure:11047: $? = 0
configure:11061: result: no
configure:11221: checking dynamic linker characteristics
configure:11802: gcc -o conftest -g -O2   -Wl,-rpath -Wl,/foo conftest.c  >&5
configure:11802: $? = 0
configure:12051: result: GNU/Linux ld.so
configure:12173: checking how to hardcode library paths into programs
configure:12198: result: immediate
configure:12746: checking whether stripping libraries is possible
configure:12751: result: yes
configure:12786: checking if libtool supports shared libraries
configure:12788: result: yes
configure:12791: checking whether to build shared libraries
configure:12816: result: yes
configure:12819: checking whether to build static libraries
configure:12823: result: yes
configure:12846: checking how to run the C++ preprocessor
configure:12873: g++ -E  conftest.cpp
configure:12873: $? = 0
configure:12887: g++ -E  conftest.cpp
conftest.cpp:23:28: fatal error: ac_nonexistent.h: No such file or directory
compilation terminated.
configure:12887: $? = 1
configure: failed program was:
| /* confdefs.h */
| #define PACKAGE_NAME "FreeLing"
| #define PACKAGE_TARNAME "freeling"
| #define PACKAGE_VERSION "4.0-beta1"
| #define PACKAGE_STRING "FreeLing 4.0-beta1"
| #define PACKAGE_BUGREPORT ""
| #define PACKAGE_URL ""
| #define PACKAGE "freeling"
| #define VERSION "4.0-beta1"
| #define STDC_HEADERS 1
| #define HAVE_SYS_TYPES_H 1
| #define HAVE_SYS_STAT_H 1
| #define HAVE_STDLIB_H 1
| #define HAVE_STRING_H 1
| #define HAVE_MEMORY_H 1
| #define HAVE_STRINGS_H 1
| #define HAVE_INTTYPES_H 1
| #define HAVE_STDINT_H 1
| #define HAVE_UNISTD_H 1
| #define HAVE_DLFCN_H 1
| #define LT_OBJDIR ".libs/"
| /* end confdefs.h.  */
| #include <ac_nonexistent.h>
configure:12912: result: g++ -E
configure:12932: g++ -E  conftest.cpp
configure:12932: $? = 0
configure:12946: g++ -E  conftest.cpp
conftest.cpp:23:28: fatal error: ac_nonexistent.h: No such file or directory
compilation terminated.
configure:12946: $? = 1
configure: failed program was:
| /* confdefs.h */
| #define PACKAGE_NAME "FreeLing"
| #define PACKAGE_TARNAME "freeling"
| #define PACKAGE_VERSION "4.0-beta1"
| #define PACKAGE_STRING "FreeLing 4.0-beta1"
| #define PACKAGE_BUGREPORT ""
| #define PACKAGE_URL ""
| #define PACKAGE "freeling"
| #define VERSION "4.0-beta1"
| #define STDC_HEADERS 1
| #define HAVE_SYS_TYPES_H 1
| #define HAVE_SYS_STAT_H 1
| #define HAVE_STDLIB_H 1
| #define HAVE_STRING_H 1
| #define HAVE_MEMORY_H 1
| #define HAVE_STRINGS_H 1
| #define HAVE_INTTYPES_H 1
| #define HAVE_STDINT_H 1
| #define HAVE_UNISTD_H 1
| #define HAVE_DLFCN_H 1
| #define LT_OBJDIR ".libs/"
| /* end confdefs.h.  */
| #include <ac_nonexistent.h>
configure:13108: checking for ld used by g++
configure:13175: result: /usr/bin/ld -m elf_x86_64
configure:13182: checking if the linker (/usr/bin/ld -m elf_x86_64) is GNU ld
configure:13197: result: yes
configure:13252: checking whether the g++ linker (/usr/bin/ld -m elf_x86_64) supports shared libraries
configure:14325: result: yes
configure:14361: g++ -c    -Wall -fPIC -std=gnu++0x -Wall -fPIC  conftest.cpp >&5
configure:14364: $? = 0
configure:14845: checking for g++ option to produce PIC
configure:14852: result: -fPIC -DPIC
configure:14860: checking if g++ PIC flag -fPIC -DPIC works
configure:14878: g++ -c    -Wall -fPIC -std=gnu++0x -Wall -fPIC  -fPIC -DPIC -DPIC conftest.cpp >&5
configure:14882: $? = 0
configure:14895: result: yes
configure:14918: checking if g++ static flag -static works
configure:14946: result: yes
configure:14958: checking if g++ supports -c -o file.o
configure:14979: g++ -c    -Wall -fPIC -std=gnu++0x -Wall -fPIC  -o out/conftest2.o conftest.cpp >&5
configure:14983: $? = 0
configure:15005: result: yes
configure:15010: checking if g++ supports -c -o file.o
configure:15057: result: yes
configure:15087: checking whether the g++ linker (/usr/bin/ld -m elf_x86_64) supports shared libraries
configure:15130: result: yes
configure:15271: checking dynamic linker characteristics
configure:16028: result: GNU/Linux ld.so
configure:16093: checking how to hardcode library paths into programs
configure:16118: result: immediate
configure:16180: checking whether ln -s works
configure:16184: result: yes
configure:16191: checking whether make sets $(MAKE)
configure:16213: result: yes
configure:16242: g++ -c    -Wall -fPIC -std=gnu++0x -Wall -fPIC  conftest.cpp >&5
configure:16242: $? = 0
configure:16322: checking boost/regex.hpp usability
configure:16322: g++ -c    -Wall -fPIC -std=gnu++0x -Wall -fPIC  conftest.cpp >&5
configure:16322: $? = 0
configure:16322: result: yes
configure:16322: checking boost/regex.hpp presence
configure:16322: g++ -E  conftest.cpp
configure:16322: $? = 0
configure:16322: result: yes
configure:16322: checking for boost/regex.hpp
configure:16322: result: yes
configure:16340: checking boost/regex/icu.hpp usability
configure:16340: g++ -c    -Wall -fPIC -std=gnu++0x -Wall -fPIC  conftest.cpp >&5
configure:16340: $? = 0
configure:16340: result: yes
configure:16340: checking boost/regex/icu.hpp presence
configure:16340: g++ -E  conftest.cpp
configure:16340: $? = 0
configure:16340: result: yes
configure:16340: checking for boost/regex/icu.hpp
configure:16340: result: yes
configure:16383: checking boost/program_options.hpp usability
configure:16383: g++ -c    -Wall -fPIC -std=gnu++0x -Wall -fPIC  conftest.cpp >&5
configure:16383: $? = 0
configure:16383: result: yes
configure:16383: checking boost/program_options.hpp presence
configure:16383: g++ -E  conftest.cpp
configure:16383: $? = 0
configure:16383: result: yes
configure:16383: checking for boost/program_options.hpp
configure:16383: result: yes
configure:16401: checking boost/thread.hpp usability
configure:16401: g++ -c    -Wall -fPIC -std=gnu++0x -Wall -fPIC  conftest.cpp >&5
configure:16401: $? = 0
configure:16401: result: yes
configure:16401: checking boost/thread.hpp presence
configure:16401: g++ -E  conftest.cpp
configure:16401: $? = 0
configure:16401: result: yes
configure:16401: checking for boost/thread.hpp
configure:16401: result: yes
configure:16419: checking boost/thread/mutex.hpp usability
configure:16419: g++ -c    -Wall -fPIC -std=gnu++0x -Wall -fPIC  conftest.cpp >&5
configure:16419: $? = 0
configure:16419: result: yes
configure:16419: checking boost/thread/mutex.hpp presence
configure:16419: g++ -E  conftest.cpp
configure:16419: $? = 0
configure:16419: result: yes
configure:16419: checking for boost/thread/mutex.hpp
configure:16419: result: yes
configure:16437: checking zlib.h usability
configure:16437: g++ -c    -Wall -fPIC -std=gnu++0x -Wall -fPIC  conftest.cpp >&5
configure:16437: $? = 0
configure:16437: result: yes
configure:16437: checking zlib.h presence
configure:16437: g++ -E  conftest.cpp
configure:16437: $? = 0
configure:16437: result: yes
configure:16437: checking for zlib.h
configure:16437: result: yes
configure:16471: g++ -o conftest    -Wall -fPIC -std=gnu++0x -Wall -fPIC   conftest.cpp  >&5
configure:16471: $? = 0
configure:16495: checking for main in -licuuc
configure:16514: g++ -o conftest    -Wall -fPIC -std=gnu++0x -Wall -fPIC   conftest.cpp -licuuc   >&5
configure:16514: $? = 0
configure:16523: result: yes
configure:16537: checking for main in -lboost_regex
configure:16556: g++ -o conftest    -Wall -fPIC -std=gnu++0x -Wall -fPIC   conftest.cpp -lboost_regex   >&5
configure:16556: $? = 0
configure:16565: result: yes
configure:16676: g++ -o conftest    -Wall -fPIC -std=gnu++0x -Wall -fPIC   conftest.cpp   -lboost_regex >&5
configure:16676: $? = 0
configure:16726: checking for main in -lboost_program_options
configure:16745: g++ -o conftest    -Wall -fPIC -std=gnu++0x -Wall -fPIC   conftest.cpp -lboost_program_options   >&5
configure:16745: $? = 0
configure:16754: result: yes
configure:16852: checking for main in -lboost_system
configure:16871: g++ -o conftest    -Wall -fPIC -std=gnu++0x -Wall -fPIC   conftest.cpp -lboost_system   >&5
configure:16871: $? = 0
configure:16880: result: yes
configure:16979: checking for main in -lboost_thread
configure:16998: g++ -o conftest    -Wall -fPIC -std=gnu++0x -Wall -fPIC   conftest.cpp -lboost_thread    -lboost_system >&5
configure:16998: $? = 0
configure:17007: result: yes
configure:17238: checking for main in -lz
configure:17257: g++ -o conftest    -Wall -fPIC -std=gnu++0x -Wall -fPIC   conftest.cpp -lz   >&5
configure:17257: $? = 0
configure:17266: result: yes
configure:17282: checking for stdbool.h that conforms to C99
configure:17349: g++ -c    -Wall -fPIC -std=gnu++0x -Wall -fPIC  conftest.cpp >&5
conftest.cpp:32:15: error: expected unqualified-id before string constant
               "error: bool is not defined"
               ^
conftest.cpp:50:48: error: 's' does not name a type
              struct s { _Bool s: 1; _Bool t; } s;
                                                ^
conftest.cpp:60:28: error: 's' was not declared in this scope
              char i[sizeof s.t];
                            ^
conftest.cpp: In function 'int main()':
conftest.cpp:78:24: error: 's' was not declared in this scope
              bool e = &s;
                        ^
conftest.cpp:82:23: warning: the address of 'a' will always evaluate as 'true' [-Waddress]
              return (!a + !b + !c + !d + !e + !f + !g + !h + !i + !!j + !k + !!l
                       ^
conftest.cpp:82:28: warning: the address of 'b' will always evaluate as 'true' [-Waddress]
              return (!a + !b + !c + !d + !e + !f + !g + !h + !i + !!j + !k + !!l
                            ^
conftest.cpp:82:33: warning: the address of 'c' will always evaluate as 'true' [-Waddress]
              return (!a + !b + !c + !d + !e + !f + !g + !h + !i + !!j + !k + !!l
                                 ^
conftest.cpp:82:38: warning: the address of 'd' will always evaluate as 'true' [-Waddress]
              return (!a + !b + !c + !d + !e + !f + !g + !h + !i + !!j + !k + !!l
                                      ^
conftest.cpp:82:48: warning: the address of 'f' will always evaluate as 'true' [-Waddress]
              return (!a + !b + !c + !d + !e + !f + !g + !h + !i + !!j + !k + !!l
                                                ^
conftest.cpp:82:53: warning: the address of 'g' will always evaluate as 'true' [-Waddress]
              return (!a + !b + !c + !d + !e + !f + !g + !h + !i + !!j + !k + !!l
                                                     ^
conftest.cpp:82:58: warning: the address of 'h' will always evaluate as 'true' [-Waddress]
              return (!a + !b + !c + !d + !e + !f + !g + !h + !i + !!j + !k + !!l
                                                          ^
conftest.cpp:82:63: error: 'i' was not declared in this scope
              return (!a + !b + !c + !d + !e + !f + !g + !h + !i + !!j + !k + !!l
                                                               ^
conftest.cpp:83:30: warning: the address of 'n' will always evaluate as 'true' [-Waddress]
                              ^
conftest.cpp:83:35: warning: the address of 'o' will always evaluate as 'true' [-Waddress]
                                   ^
conftest.cpp:83:40: warning: the address of 'p' will always evaluate as 'true' [-Waddress]
                                        ^
configure:17349: $? = 1
configure: failed program was:
| /* confdefs.h */
| #define PACKAGE_NAME "FreeLing"
| #define PACKAGE_TARNAME "freeling"
| #define PACKAGE_VERSION "4.0-beta1"
| #define PACKAGE_STRING "FreeLing 4.0-beta1"
| #define PACKAGE_BUGREPORT ""
| #define PACKAGE_URL ""
| #define PACKAGE "freeling"
| #define VERSION "4.0-beta1"
| #define STDC_HEADERS 1
| #define HAVE_SYS_TYPES_H 1
| #define HAVE_SYS_STAT_H 1
| #define HAVE_STDLIB_H 1
| #define HAVE_STRING_H 1
| #define HAVE_MEMORY_H 1
| #define HAVE_STRINGS_H 1
| #define HAVE_INTTYPES_H 1
| #define HAVE_STDINT_H 1
| #define HAVE_UNISTD_H 1
| #define HAVE_DLFCN_H 1
| #define LT_OBJDIR ".libs/"
| #define HAVE_BOOST_REGEX_HPP 1
| #define HAVE_BOOST_REGEX_ICU_HPP 1
| #define HAVE_BOOST_PROGRAM_OPTIONS_HPP 1
| #define HAVE_BOOST_THREAD_HPP 1
| #define HAVE_BOOST_THREAD_MUTEX_HPP 1
| #define HAVE_ZLIB_H 1
| /* end confdefs.h.  */
| 
|              #include <stdbool.h>
|              #ifndef bool
|               "error: bool is not defined"
|              #endif
|              #ifndef false
|               "error: false is not defined"
|              #endif
|              #if false
|               "error: false is not 0"
|              #endif
|              #ifndef true
|               "error: true is not defined"
|              #endif
|              #if true != 1
|               "error: true is not 1"
|              #endif
|              #ifndef __bool_true_false_are_defined
|               "error: __bool_true_false_are_defined is not defined"
|              #endif
| 
|              struct s { _Bool s: 1; _Bool t; } s;
| 
|              char a[true == 1 ? 1 : -1];
|              char b[false == 0 ? 1 : -1];
|              char c[__bool_true_false_are_defined == 1 ? 1 : -1];
|              char d[(bool) 0.5 == true ? 1 : -1];
|              /* See body of main program for 'e'.  */
|              char f[(_Bool) 0.0 == false ? 1 : -1];
|              char g[true];
|              char h[sizeof (_Bool)];
|              char i[sizeof s.t];
|              enum { j = false, k = true, l = false * true, m = true * 256 };
|              /* The following fails for
|                 HP aC++/ANSI C B3910B A.05.55 [Dec 04 2003]. */
|              _Bool n[m];
|              char o[sizeof n == m * sizeof n[0] ? 1 : -1];
|              char p[-1 - (_Bool) 0 < 0 && -1 - (bool) 0 < 0 ? 1 : -1];
|              /* Catch a bug in an HP-UX C compiler.  See
|                 http://gcc.gnu.org/ml/gcc-patches/2003-12/msg02303.html
|                 http://lists.gnu.org/archive/html/bug-coreutils/2005-11/msg00161.html
|               */
|              _Bool q = true;
|              _Bool *pq = &q;
| 
| int
| main ()
| {
| 
|              bool e = &s;
|              *pq |= q;
|              *pq |= ! q;
|              /* Refer to every declared value, to avoid compiler optimizations.  */
|              return (!a + !b + !c + !d + !e + !f + !g + !h + !i + !!j + !k + !!l
|                      + !m + !n + !o + !p + !q + !pq);
| 
|   ;
|   return 0;
| }
configure:17356: result: no
configure:17358: checking for _Bool
configure:17358: g++ -c    -Wall -fPIC -std=gnu++0x -Wall -fPIC  conftest.cpp >&5
conftest.cpp: In function 'int main()':
conftest.cpp:65:13: error: '_Bool' was not declared in this scope
 if (sizeof (_Bool))
             ^
configure:17358: $? = 1
configure: failed program was:
| /* confdefs.h */
| #define PACKAGE_NAME "FreeLing"
| #define PACKAGE_TARNAME "freeling"
| #define PACKAGE_VERSION "4.0-beta1"
| #define PACKAGE_STRING "FreeLing 4.0-beta1"
| #define PACKAGE_BUGREPORT ""
| #define PACKAGE_URL ""
| #define PACKAGE "freeling"
| #define VERSION "4.0-beta1"
| #define STDC_HEADERS 1
| #define HAVE_SYS_TYPES_H 1
| #define HAVE_SYS_STAT_H 1
| #define HAVE_STDLIB_H 1
| #define HAVE_STRING_H 1
| #define HAVE_MEMORY_H 1
| #define HAVE_STRINGS_H 1
| #define HAVE_INTTYPES_H 1
| #define HAVE_STDINT_H 1
| #define HAVE_UNISTD_H 1
| #define HAVE_DLFCN_H 1
| #define LT_OBJDIR ".libs/"
| #define HAVE_BOOST_REGEX_HPP 1
| #define HAVE_BOOST_REGEX_ICU_HPP 1
| #define HAVE_BOOST_PROGRAM_OPTIONS_HPP 1
| #define HAVE_BOOST_THREAD_HPP 1
| #define HAVE_BOOST_THREAD_MUTEX_HPP 1
| #define HAVE_ZLIB_H 1
| /* end confdefs.h.  */
| #include <stdio.h>
| #ifdef HAVE_SYS_TYPES_H
| # include <sys/types.h>
| #endif
| #ifdef HAVE_SYS_STAT_H
| # include <sys/stat.h>
| #endif
| #ifdef STDC_HEADERS
| # include <stdlib.h>
| # include <stddef.h>
| #else
| # ifdef HAVE_STDLIB_H
| #  include <stdlib.h>
| # endif
| #endif
| #ifdef HAVE_STRING_H
| # if !defined STDC_HEADERS && defined HAVE_MEMORY_H
| #  include <memory.h>
| # endif
| # include <string.h>
| #endif
| #ifdef HAVE_STRINGS_H
| # include <strings.h>
| #endif
| #ifdef HAVE_INTTYPES_H
| # include <inttypes.h>
| #endif
| #ifdef HAVE_STDINT_H
| # include <stdint.h>
| #endif
| #ifdef HAVE_UNISTD_H
| # include <unistd.h>
| #endif
| int
| main ()
| {
| if (sizeof (_Bool))
| 	 return 0;
|   ;
|   return 0;
| }
configure:17358: result: no
configure:17375: checking for an ANSI C-conforming const
configure:17441: g++ -c    -Wall -fPIC -std=gnu++0x -Wall -fPIC  conftest.cpp >&5
configure:17441: $? = 0
configure:17448: result: yes
configure:17456: checking for inline
configure:17472: g++ -c    -Wall -fPIC -std=gnu++0x -Wall -fPIC  conftest.cpp >&5
configure:17472: $? = 0
configure:17480: result: inline
configure:17498: checking for size_t
configure:17498: g++ -c    -Wall -fPIC -std=gnu++0x -Wall -fPIC  conftest.cpp >&5
configure:17498: $? = 0
configure:17498: g++ -c    -Wall -fPIC -std=gnu++0x -Wall -fPIC  conftest.cpp >&5
conftest.cpp: In function 'int main()':
conftest.cpp:65:20: error: expected primary-expression before ')' token
 if (sizeof ((size_t)))
                    ^
configure:17498: $? = 1
configure: failed program was:
| /* confdefs.h */
| #define PACKAGE_NAME "FreeLing"
| #define PACKAGE_TARNAME "freeling"
| #define PACKAGE_VERSION "4.0-beta1"
| #define PACKAGE_STRING "FreeLing 4.0-beta1"
| #define PACKAGE_BUGREPORT ""
| #define PACKAGE_URL ""
| #define PACKAGE "freeling"
| #define VERSION "4.0-beta1"
| #define STDC_HEADERS 1
| #define HAVE_SYS_TYPES_H 1
| #define HAVE_SYS_STAT_H 1
| #define HAVE_STDLIB_H 1
| #define HAVE_STRING_H 1
| #define HAVE_MEMORY_H 1
| #define HAVE_STRINGS_H 1
| #define HAVE_INTTYPES_H 1
| #define HAVE_STDINT_H 1
| #define HAVE_UNISTD_H 1
| #define HAVE_DLFCN_H 1
| #define LT_OBJDIR ".libs/"
| #define HAVE_BOOST_REGEX_HPP 1
| #define HAVE_BOOST_REGEX_ICU_HPP 1
| #define HAVE_BOOST_PROGRAM_OPTIONS_HPP 1
| #define HAVE_BOOST_THREAD_HPP 1
| #define HAVE_BOOST_THREAD_MUTEX_HPP 1
| #define HAVE_ZLIB_H 1
| /* end confdefs.h.  */
| #include <stdio.h>
| #ifdef HAVE_SYS_TYPES_H
| # include <sys/types.h>
| #endif
| #ifdef HAVE_SYS_STAT_H
| # include <sys/stat.h>
| #endif
| #ifdef STDC_HEADERS
| # include <stdlib.h>
| # include <stddef.h>
| #else
| # ifdef HAVE_STDLIB_H
| #  include <stdlib.h>
| # endif
| #endif
| #ifdef HAVE_STRING_H
| # if !defined STDC_HEADERS && defined HAVE_MEMORY_H
| #  include <memory.h>
| # endif
| # include <string.h>
| #endif
| #ifdef HAVE_STRINGS_H
| # include <strings.h>
| #endif
| #ifdef HAVE_INTTYPES_H
| # include <inttypes.h>
| #endif
| #ifdef HAVE_STDINT_H
| # include <stdint.h>
| #endif
| #ifdef HAVE_UNISTD_H
| # include <unistd.h>
| #endif
| int
| main ()
| {
| if (sizeof ((size_t)))
| 	    return 0;
|   ;
|   return 0;
| }
configure:17498: result: yes
configure:17509: checking for ANSI C header files
configure:17613: result: yes
configure:17774: checking that generated files are newer than configure
configure:17780: result: done
configure:17919: creating ./config.status

## ---------------------- ##
## Running config.status. ##
## ---------------------- ##

This file was extended by FreeLing config.status 4.0-beta1, which was
generated by GNU Autoconf 2.69.  Invocation command line was

  CONFIG_FILES    = 
  CONFIG_HEADERS  = 
  CONFIG_LINKS    = 
  CONFIG_COMMANDS = 
  $ ./config.status 

on artyom-Lenovo-YOGA-710-11ISK

config.status:1102: creating Makefile
config.status:1102: creating data/Makefile
config.status:1102: creating src/Makefile
config.status:1102: creating src/include/Makefile
config.status:1102: creating src/libfreeling/Makefile
config.status:1102: creating src/libfoma/Makefile
config.status:1102: creating src/libtreeler/Makefile
config.status:1102: creating src/libtreeler/main/Makefile
config.status:1102: creating src/main/Makefile
config.status:1102: creating src/utilities/Makefile
config.status:1102: creating src/tests/Makefile
config.status:1102: creating freeling.pc
config.status:1274: executing depfiles commands
config.status:1274: executing libtool commands

## ---------------- ##
## Cache variables. ##
## ---------------- ##

ac_cv_build=x86_64-pc-linux-gnu
ac_cv_c_compiler_gnu=yes
ac_cv_c_const=yes
ac_cv_c_inline=inline
ac_cv_cxx_compiler_gnu=yes
ac_cv_env_CCC_set=
ac_cv_env_CCC_value=
ac_cv_env_CC_set=
ac_cv_env_CC_value=
ac_cv_env_CFLAGS_set=
ac_cv_env_CFLAGS_value=
ac_cv_env_CPPFLAGS_set=
ac_cv_env_CPPFLAGS_value=
ac_cv_env_CPP_set=
ac_cv_env_CPP_value=
ac_cv_env_CXXCPP_set=
ac_cv_env_CXXCPP_value=
ac_cv_env_CXXFLAGS_set=
ac_cv_env_CXXFLAGS_value=
ac_cv_env_CXX_set=
ac_cv_env_CXX_value=
ac_cv_env_LDFLAGS_set=
ac_cv_env_LDFLAGS_value=
ac_cv_env_LIBS_set=
ac_cv_env_LIBS_value=
ac_cv_env_LT_SYS_LIBRARY_PATH_set=
ac_cv_env_LT_SYS_LIBRARY_PATH_value=
ac_cv_env_build_alias_set=
ac_cv_env_build_alias_value=
ac_cv_env_host_alias_set=
ac_cv_env_host_alias_value=
ac_cv_env_target_alias_set=
ac_cv_env_target_alias_value=
ac_cv_header_boost_program_options_hpp=yes
ac_cv_header_boost_regex_hpp=yes
ac_cv_header_boost_regex_icu_hpp=yes
ac_cv_header_boost_thread_hpp=yes
ac_cv_header_boost_thread_mutex_hpp=yes
ac_cv_header_dlfcn_h=yes
ac_cv_header_inttypes_h=yes
ac_cv_header_memory_h=yes
ac_cv_header_stdbool_h=no
ac_cv_header_stdc=yes
ac_cv_header_stdint_h=yes
ac_cv_header_stdlib_h=yes
ac_cv_header_string_h=yes
ac_cv_header_strings_h=yes
ac_cv_header_sys_stat_h=yes
ac_cv_header_sys_types_h=yes
ac_cv_header_unistd_h=yes
ac_cv_header_zlib_h=yes
ac_cv_host=x86_64-pc-linux-gnu
ac_cv_lib_boost_program_options_main=yes
ac_cv_lib_boost_regex_main=yes
ac_cv_lib_boost_system_main=yes
ac_cv_lib_boost_thread_main=yes
ac_cv_lib_icuuc_main=yes
ac_cv_lib_z_main=yes
ac_cv_objext=o
ac_cv_path_EGREP='/bin/grep -E'
ac_cv_path_FGREP='/bin/grep -F'
ac_cv_path_GREP=/bin/grep
ac_cv_path_SED=/bin/sed
ac_cv_path_install='/usr/bin/install -c'
ac_cv_path_lt_DD=/bin/dd
ac_cv_path_mkdir=/bin/mkdir
ac_cv_prog_AWK=gawk
ac_cv_prog_CPP='gcc -E'
ac_cv_prog_CXXCPP='g++ -E'
ac_cv_prog_ac_ct_AR=ar
ac_cv_prog_ac_ct_CC=gcc
ac_cv_prog_ac_ct_CXX=g++
ac_cv_prog_ac_ct_MANIFEST_TOOL=mt
ac_cv_prog_ac_ct_OBJDUMP=objdump
ac_cv_prog_ac_ct_RANLIB=ranlib
ac_cv_prog_ac_ct_STRIP=strip
ac_cv_prog_cc_c89=
ac_cv_prog_cc_g=yes
ac_cv_prog_cxx_g=yes
ac_cv_prog_make_make_set=yes
ac_cv_type__Bool=no
ac_cv_type_size_t=yes
am_cv_CC_dependencies_compiler_type=gcc3
am_cv_CXX_dependencies_compiler_type=gcc3
am_cv_make_support_nested_variables=yes
am_cv_prog_cc_c_o=yes
lt_cv_ar_at_file=@
lt_cv_archive_cmds_need_lc=no
lt_cv_deplibs_check_method=pass_all
lt_cv_file_magic_cmd='$MAGIC_CMD'
lt_cv_file_magic_test_file=
lt_cv_ld_reload_flag=-r
lt_cv_nm_interface='BSD nm'
lt_cv_objdir=.libs
lt_cv_path_LD=/usr/bin/ld
lt_cv_path_LDCXX='/usr/bin/ld -m elf_x86_64'
lt_cv_path_NM='/usr/bin/nm -B'
lt_cv_path_mainfest_tool=no
lt_cv_prog_compiler_c_o=yes
lt_cv_prog_compiler_c_o_CXX=yes
lt_cv_prog_compiler_pic='-fPIC -DPIC'
lt_cv_prog_compiler_pic_CXX='-fPIC -DPIC'
lt_cv_prog_compiler_pic_works=yes
lt_cv_prog_compiler_pic_works_CXX=yes
lt_cv_prog_compiler_rtti_exceptions=no
lt_cv_prog_compiler_static_works=yes
lt_cv_prog_compiler_static_works_CXX=yes
lt_cv_prog_gnu_ld=yes
lt_cv_prog_gnu_ldcxx=yes
lt_cv_sharedlib_from_linklib_cmd='printf %s\n'
lt_cv_shlibpath_overrides_runpath=no
lt_cv_sys_global_symbol_pipe='sed -n -e '\''s/^.*[	 ]\([ABCDGIRSTW][ABCDGIRSTW]*\)[	 ][	 ]*\([_A-Za-z][_A-Za-z0-9]*\)$/\1 \2 \2/p'\'' | sed '\''/ __gnu_lto/d'\'''
lt_cv_sys_global_symbol_to_c_name_address='sed -n -e '\''s/^: \(.*\) .*$/  {"\1", (void *) 0},/p'\'' -e '\''s/^[ABCDGIRSTW][ABCDGIRSTW]* .* \(.*\)$/  {"\1", (void *) \&\1},/p'\'''
lt_cv_sys_global_symbol_to_c_name_address_lib_prefix='sed -n -e '\''s/^: \(.*\) .*$/  {"\1", (void *) 0},/p'\'' -e '\''s/^[ABCDGIRSTW][ABCDGIRSTW]* .* \(lib.*\)$/  {"\1", (void *) \&\1},/p'\'' -e '\''s/^[ABCDGIRSTW][ABCDGIRSTW]* .* \(.*\)$/  {"lib\1", (void *) \&\1},/p'\'''
lt_cv_sys_global_symbol_to_cdecl='sed -n -e '\''s/^T .* \(.*\)$/extern int \1();/p'\'' -e '\''s/^[ABCDGIRSTW][ABCDGIRSTW]* .* \(.*\)$/extern char \1;/p'\'''
lt_cv_sys_global_symbol_to_import=
lt_cv_sys_max_cmd_len=1572864
lt_cv_to_host_file_cmd=func_convert_file_noop
lt_cv_to_tool_file_cmd=func_convert_file_noop
lt_cv_truncate_bin='/bin/dd bs=4096 count=1'

## ----------------- ##
## Output variables. ##
## ----------------- ##

ACLOCAL='${SHELL} /home/artyom/Programms/Classificator/myfreeling/missing aclocal-1.15'
AMDEPBACKSLASH='\'
AMDEP_FALSE='#'
AMDEP_TRUE=''
AMTAR='$${TAR-tar}'
AM_BACKSLASH='\'
AM_DEFAULT_V='$(AM_DEFAULT_VERBOSITY)'
AM_DEFAULT_VERBOSITY='1'
AM_V='$(V)'
AR='ar'
AUTOCONF='${SHELL} /home/artyom/Programms/Classificator/myfreeling/missing autoconf'
AUTOHEADER='${SHELL} /home/artyom/Programms/Classificator/myfreeling/missing autoheader'
AUTOMAKE='${SHELL} /home/artyom/Programms/Classificator/myfreeling/missing automake-1.15'
AWK='gawk'
BOOST_GCC_FALSE=''
BOOST_GCC_TRUE='#'
BOOST_MT_FALSE=''
BOOST_MT_TRUE='#'
BOOST_OLD_FALSE=''
BOOST_OLD_TRUE='#'
BUILD_TESTS_FALSE=''
BUILD_TESTS_TRUE='#'
CC='gcc'
CCDEPMODE='depmode=gcc3'
CFLAGS='-g -O2'
CPP='gcc -E'
CPPFLAGS=''
CXX='g++'
CXXCPP='g++ -E'
CXXDEPMODE='depmode=gcc3'
CXXFLAGS='   -Wall -fPIC -std=gnu++0x -Wall -fPIC'
CYGPATH_W='echo'
DEBUG_FALSE=''
DEBUG_TRUE='#'
DEFS='-DPACKAGE_NAME=\"FreeLing\" -DPACKAGE_TARNAME=\"freeling\" -DPACKAGE_VERSION=\"4.0-beta1\" -DPACKAGE_STRING=\"FreeLing\ 4.0-beta1\" -DPACKAGE_BUGREPORT=\"\" -DPACKAGE_URL=\"\" -DPACKAGE=\"freeling\" -DVERSION=\"4.0-beta1\" -DSTDC_HEADERS=1 -DHAVE_SYS_TYPES_H=1 -DHAVE_SYS_STAT_H=1 -DHAVE_STDLIB_H=1 -DHAVE_STRING_H=1 -DHAVE_MEMORY_H=1 -DHAVE_STRINGS_H=1 -DHAVE_INTTYPES_H=1 -DHAVE_STDINT_H=1 -DHAVE_UNISTD_H=1 -DHAVE_DLFCN_H=1 -DLT_OBJDIR=\".libs/\" -DHAVE_BOOST_REGEX_HPP=1 -DHAVE_BOOST_REGEX_ICU_HPP=1 -DHAVE_BOOST_PROGRAM_OPTIONS_HPP=1 -DHAVE_BOOST_THREAD_HPP=1 -DHAVE_BOOST_THREAD_MUTEX_HPP=1 -DHAVE_ZLIB_H=1 -DSTDC_HEADERS=1'
DEPDIR='.deps'
DLLTOOL='false'
DSYMUTIL=''
DUMPBIN=''
ECHO_C=''
ECHO_N='-n'
ECHO_T=''
EGREP='/bin/grep -E'
EXEEXT=''
FGREP='/bin/grep -F'
GREP='/bin/grep'
INSTALL_DATA='${INSTALL} -m 644'
INSTALL_PROGRAM='${INSTALL}'
INSTALL_SCRIPT='${INSTALL}'
INSTALL_STRIP_PROGRAM='$(install_sh) -c -s'
LD='/usr/bin/ld -m elf_x86_64'
LDFLAGS=''
LIBOBJS=''
LIBS=''
LIBTOOL='$(SHELL) $(top_builddir)/libtool'
LIPO=''
LN_S='ln -s'
LTLIBOBJS=''
LT_SYS_LIBRARY_PATH=''
MAKEINFO='${SHELL} /home/artyom/Programms/Classificator/myfreeling/missing makeinfo'
MANIFEST_TOOL=':'
MKDIR_P='/bin/mkdir -p'
NM='/usr/bin/nm -B'
NMEDIT=''
NO_LIBFOMA_FALSE=''
NO_LIBFOMA_TRUE='#'
NO_WARNINGS_FALSE=''
NO_WARNINGS_TRUE='#'
OBJDUMP='objdump'
OBJEXT='o'
OTOOL64=''
OTOOL=''
PACKAGE='freeling'
PACKAGE_BUGREPORT=''
PACKAGE_NAME='FreeLing'
PACKAGE_STRING='FreeLing 4.0-beta1'
PACKAGE_TARNAME='freeling'
PACKAGE_URL=''
PACKAGE_VERSION='4.0-beta1'
PATH_SEPARATOR=':'
RANLIB='ranlib'
SED='/bin/sed'
SET_MAKE=''
SHELL='/bin/bash'
STRIP='strip'
USE_BOOST_LOCALE_FALSE=''
USE_BOOST_LOCALE_TRUE='#'
USE_XPRESSIVE_REGEX_FALSE=''
USE_XPRESSIVE_REGEX_TRUE='#'
VERBOSE_FALSE=''
VERBOSE_TRUE='#'
VERSION='4.0-beta1'
ac_ct_AR='ar'
ac_ct_CC='gcc'
ac_ct_CXX='g++'
ac_ct_DUMPBIN=''
am__EXEEXT_FALSE=''
am__EXEEXT_TRUE='#'
am__fastdepCC_FALSE='#'
am__fastdepCC_TRUE=''
am__fastdepCXX_FALSE='#'
am__fastdepCXX_TRUE=''
am__include='include'
am__isrc=''
am__leading_dot='.'
am__nodep='_no'
am__quote=''
am__tar='$${TAR-tar} chof - "$$tardir"'
am__untar='$${TAR-tar} xf -'
bindir='${exec_prefix}/bin'
build='x86_64-pc-linux-gnu'
build_alias=''
build_cpu='x86_64'
build_os='linux-gnu'
build_vendor='pc'
datadir='${datarootdir}'
datarootdir='${prefix}/share'
docdir='${datarootdir}/doc/${PACKAGE_TARNAME}'
dvidir='${docdir}'
exec_prefix='${prefix}'
host='x86_64-pc-linux-gnu'
host_alias=''
host_cpu='x86_64'
host_os='linux-gnu'
host_vendor='pc'
htmldir='${docdir}'
includedir='${prefix}/include'
infodir='${datarootdir}/info'
install_sh='${SHELL} /home/artyom/Programms/Classificator/myfreeling/install-sh'
libdir='${exec_prefix}/lib'
libexecdir='${exec_prefix}/libexec'
localedir='${datarootdir}/locale'
localstatedir='${prefix}/var'
mandir='${datarootdir}/man'
mkdir_p='$(MKDIR_P)'
oldincludedir='/usr/include'
pdfdir='${docdir}'
prefix='/usr/local'
program_transform_name='s,x,x,'
psdir='${docdir}'
runstatedir='${localstatedir}/run'
sbindir='${exec_prefix}/sbin'
sharedstatedir='${prefix}/com'
sysconfdir='${prefix}/etc'
target_alias=''

## ----------- ##
## confdefs.h. ##
## ----------- ##

/* confdefs.h */
#define PACKAGE_NAME "FreeLing"
#define PACKAGE_TARNAME "freeling"
#define PACKAGE_VERSION "4.0-beta1"
#define PACKAGE_STRING "FreeLing 4.0-beta1"
#define PACKAGE_BUGREPORT ""
#define PACKAGE_URL ""
#define PACKAGE "freeling"
#define VERSION "4.0-beta1"
#define STDC_HEADERS 1
#define HAVE_SYS_TYPES_H 1
#define HAVE_SYS_STAT_H 1
#define HAVE_STDLIB_H 1
#define HAVE_STRING_H 1
#define HAVE_MEMORY_H 1
#define HAVE_STRINGS_H 1
#define HAVE_INTTYPES_H 1
#define HAVE_STDINT_H 1
#define HAVE_UNISTD_H 1
#define HAVE_DLFCN_H 1
#define LT_OBJDIR ".libs/"
#define HAVE_BOOST_REGEX_HPP 1
#define HAVE_BOOST_REGEX_ICU_HPP 1
#define HAVE_BOOST_PROGRAM_OPTIONS_HPP 1
#define HAVE_BOOST_THREAD_HPP 1
#define HAVE_BOOST_THREAD_MUTEX_HPP 1
#define HAVE_ZLIB_H 1
#define STDC_HEADERS 1

configure: exit 0
